<?xml version="1.0" encoding="UTF-8"?>
<!-- Generated by org.testng.reporters.JUnitReportReporter -->
<testsuite hostname="ORSLAP06" failures="0" tests="1" name="test.LoginTest" time="22.611" errors="0" timestamp="2023-05-11T10:57:12 IST" skipped="0">
  <testcase classname="test.LoginTest" name="loginPageTest" time="22.611"/>
  <system-out/>
</testsuite> <!-- test.LoginTest -->
