<?xml version="1.0" encoding="UTF-8"?>
<!-- Generated by org.testng.reporters.JUnitReportReporter -->
<testsuite hostname="ORSLAP06" failures="0" tests="2" name="test.TC002_HomePage" time="98.783" errors="0" timestamp="2023-05-18T18:31:31 IST" skipped="0">
  <testcase classname="test.TC002_HomePage" name="testNotificationBell" time="17.785"/>
  <system-out/>
  <testcase classname="test.TC002_HomePage" name="notificationBellTest" time="80.998"/>
  <system-out/>
</testsuite> <!-- test.TC002_HomePage -->
